# JRE version: OpenJDK Runtime Environment Temurin-17.0.8+7 (17.0.8+7) (build 17.0.8+7)
# Java VM: OpenJDK 64-Bit Server VM Temurin-17.0.8+7 (17.0.8+7, mixed mode, sharing, tiered, compressed oops, compressed class ptrs, g1 gc, windows-amd64)
GC Precious Log:
 CPUs: 8 total, 8 available
 Memory: 7959M
 Large Page Support: Disabled
 NUMA Support: Disabled
 Compressed Oops: Enabled (32-bit)
 Heap Region Size: 1M
 Heap Min Capacity: 8M
 Heap Initial Capacity: 126M
 Heap Max Capacity: 2G
 Pre-touch: Disabled
 Parallel Workers: 8
 Concurrent Workers: 2
 Concurrent Refinement Workers: 8
 Periodic GC: Disabled
Heap:
 garbage-first heap   total 106496K, used 62976K [0x0000000080000000, 0x0000000100000000)
  region size 1024K, 9 young (9216K), 3 survivors (3072K)
 Metaspace       used 59316K, committed 59968K, reserved 491520K
  class space    used 8420K, committed 8704K, reserved 425984K
GC Heap History (20 events):
Event: 64.300 GC heap before
{Heap before GC invocations=11 (full 0):
 garbage-first heap   total 86016K, used 65623K [0x0000000080000000, 0x0000000100000000)
  region size 1024K, 33 young (33792K), 2 survivors (2048K)
 Metaspace       used 37726K, committed 38208K, reserved 491520K
  class space    used 5276K, committed 5504K, reserved 425984K
}
Event: 64.305 GC heap after
{Heap after GC invocations=12 (full 0):
 garbage-first heap   total 86016K, used 34718K [0x0000000080000000, 0x0000000100000000)
  region size 1024K, 2 young (2048K), 2 survivors (2048K)
 Metaspace       used 37726K, committed 38208K, reserved 491520K
  class space    used 5276K, committed 5504K, reserved 425984K
}
Event: 65.342 GC heap before
{Heap before GC invocations=12 (full 0):
 garbage-first heap   total 86016K, used 67486K [0x0000000080000000, 0x0000000100000000)
  region size 1024K, 34 young (34816K), 2 survivors (2048K)
 Metaspace       used 41263K, committed 41728K, reserved 491520K
  class space    used 5834K, committed 6016K, reserved 425984K
}
Event: 65.348 GC heap after
{Heap after GC invocations=13 (full 0):
 garbage-first heap   total 86016K, used 35831K [0x0000000080000000, 0x0000000100000000)
  region size 1024K, 4 young (4096K), 4 survivors (4096K)
 Metaspace       used 41263K, committed 41728K, reserved 491520K
  class space    used 5834K, committed 6016K, reserved 425984K
}
Event: 68.811 GC heap before
{Heap before GC invocations=13 (full 0):
 garbage-first heap   total 86016K, used 67575K [0x0000000080000000, 0x0000000100000000)
  region size 1024K, 35 young (35840K), 4 survivors (4096K)
 Metaspace       used 44803K, committed 45376K, reserved 491520K
  class space    used 6411K, committed 6656K, reserved 425984K
}
Event: 68.819 GC heap after
{Heap after GC invocations=14 (full 0):
 garbage-first heap   total 86016K, used 37641K [0x0000000080000000, 0x0000000100000000)
  region size 1024K, 4 young (4096K), 4 survivors (4096K)
 Metaspace       used 44803K, committed 45376K, reserved 491520K
  class space    used 6411K, committed 6656K, reserved 425984K
}
Event: 71.078 GC heap before
{Heap before GC invocations=14 (full 0):
 garbage-first heap   total 86016K, used 70409K [0x0000000080000000, 0x0000000100000000)
  region size 1024K, 35 young (35840K), 4 survivors (4096K)
 Metaspace       used 48187K, committed 48768K, reserved 491520K
  class space    used 6810K, committed 7040K, reserved 425984K
}
Event: 71.084 GC heap after
{Heap after GC invocations=15 (full 0):
 garbage-first heap   total 86016K, used 39402K [0x0000000080000000, 0x0000000100000000)
  region size 1024K, 4 young (4096K), 4 survivors (4096K)
 Metaspace       used 48187K, committed 48768K, reserved 491520K
  class space    used 6810K, committed 7040K, reserved 425984K
}
Event: 71.153 GC heap before
{Heap before GC invocations=15 (full 0):
 garbage-first heap   total 86016K, used 42474K [0x0000000080000000, 0x0000000100000000)
  region size 1024K, 6 young (6144K), 4 survivors (4096K)
 Metaspace       used 48218K, committed 48768K, reserved 491520K
  class space    used 6810K, committed 7040K, reserved 425984K
}
Event: 71.159 GC heap after
{Heap after GC invocations=16 (full 0):
 garbage-first heap   total 86016K, used 41883K [0x0000000080000000, 0x0000000100000000)
  region size 1024K, 3 young (3072K), 3 survivors (3072K)
 Metaspace       used 48218K, committed 48768K, reserved 491520K
  class space    used 6810K, committed 7040K, reserved 425984K
}
Event: 72.002 GC heap before
{Heap before GC invocations=17 (full 0):
 garbage-first heap   total 86016K, used 66459K [0x0000000080000000, 0x0000000100000000)
  region size 1024K, 26 young (26624K), 3 survivors (3072K)
 Metaspace       used 50662K, committed 51328K, reserved 491520K
  class space    used 7162K, committed 7488K, reserved 425984K
}
Event: 72.009 GC heap after
{Heap after GC invocations=18 (full 0):
 garbage-first heap   total 86016K, used 45310K [0x0000000080000000, 0x0000000100000000)
  region size 1024K, 4 young (4096K), 4 survivors (4096K)
 Metaspace       used 50662K, committed 51328K, reserved 491520K
  class space    used 7162K, committed 7488K, reserved 425984K
}
Event: 72.689 GC heap before
{Heap before GC invocations=19 (full 0):
 garbage-first heap   total 92160K, used 77054K [0x0000000080000000, 0x0000000100000000)
  region size 1024K, 28 young (28672K), 4 survivors (4096K)
 Metaspace       used 52633K, committed 53312K, reserved 491520K
  class space    used 7442K, committed 7744K, reserved 425984K
}
Event: 72.694 GC heap after
{Heap after GC invocations=20 (full 0):
 garbage-first heap   total 92160K, used 55334K [0x0000000080000000, 0x0000000100000000)
  region size 1024K, 4 young (4096K), 4 survivors (4096K)
 Metaspace       used 52633K, committed 53312K, reserved 491520K
  class space    used 7442K, committed 7744K, reserved 425984K
}
Event: 73.229 GC heap before
{Heap before GC invocations=20 (full 0):
 garbage-first heap   total 92160K, used 76838K [0x0000000080000000, 0x0000000100000000)
  region size 1024K, 25 young (25600K), 4 survivors (4096K)
 Metaspace       used 55164K, committed 55808K, reserved 491520K
  class space    used 7766K, committed 8064K, reserved 425984K
}
Event: 73.234 GC heap after
{Heap after GC invocations=21 (full 0):
 garbage-first heap   total 92160K, used 56188K [0x0000000080000000, 0x0000000100000000)
  region size 1024K, 3 young (3072K), 3 survivors (3072K)
 Metaspace       used 55164K, committed 55808K, reserved 491520K
  class space    used 7766K, committed 8064K, reserved 425984K
}
Event: 73.832 GC heap before
{Heap before GC invocations=22 (full 0):
 garbage-first heap   total 99328K, used 76668K [0x0000000080000000, 0x0000000100000000)
  region size 1024K, 23 young (23552K), 3 survivors (3072K)
 Metaspace       used 56999K, committed 57600K, reserved 491520K
  class space    used 8061K, committed 8320K, reserved 425984K
}
Event: 73.836 GC heap after
{Heap after GC invocations=23 (full 0):
 garbage-first heap   total 99328K, used 57981K [0x0000000080000000, 0x0000000100000000)
  region size 1024K, 3 young (3072K), 3 survivors (3072K)
 Metaspace       used 56999K, committed 57600K, reserved 491520K
  class space    used 8061K, committed 8320K, reserved 425984K
}
Event: 74.482 GC heap before
{Heap before GC invocations=23 (full 0):
 garbage-first heap   total 99328K, used 81533K [0x0000000080000000, 0x0000000100000000)
  region size 1024K, 26 young (26624K), 3 survivors (3072K)
 Metaspace       used 58891K, committed 59584K, reserved 491520K
  class space    used 8372K, committed 8704K, reserved 425984K
}
Event: 74.486 GC heap after
{Heap after GC invocations=24 (full 0):
 garbage-first heap   total 99328K, used 58880K [0x0000000080000000, 0x0000000100000000)
  region size 1024K, 3 young (3072K), 3 survivors (3072K)
 Metaspace       used 58891K, committed 59584K, reserved 491520K
  class space    used 8372K, committed 8704K, reserved 425984K
}

